<?xml version="1.0" encoding="UTF-8"?>
<coverage generated="1549177624582" clover="3.2.0">
  <project timestamp="1549177624583" name="All files">
    <metrics statements="94" coveredstatements="93" conditionals="19" coveredconditionals="17" methods="25" coveredmethods="21" elements="138" coveredelements="131" complexity="0" loc="94" ncloc="94" packages="9" files="12" classes="12">
      <package name="exchange-rate-preview">
        <metrics statements="3" coveredstatements="3" conditionals="0" coveredconditionals="0" methods="0" coveredmethods="0"/>
        <file name="setupEnzyme.ts" path="/home/crisslion/Documents/exchange-rate-preview/setupEnzyme.ts">
          <metrics statements="3" coveredstatements="3" conditionals="0" coveredconditionals="0" methods="0" coveredmethods="0"/>
          <line num="1" count="11" type="stmt"/>
          <line num="2" count="11" type="stmt"/>
          <line num="3" count="11" type="stmt"/>
        </file>
      </package>
      <package name="exchange-rate-preview.src">
        <metrics statements="1" coveredstatements="1" conditionals="0" coveredconditionals="0" methods="0" coveredmethods="0"/>
        <file name="global.ts" path="/home/crisslion/Documents/exchange-rate-preview/src/global.ts">
          <metrics statements="1" coveredstatements="1" conditionals="0" coveredconditionals="0" methods="0" coveredmethods="0"/>
          <line num="1" count="2" type="stmt"/>
        </file>
      </package>
      <package name="exchange-rate-preview.src.blocks.ExchangeTable">
        <metrics statements="23" coveredstatements="23" conditionals="5" coveredconditionals="4" methods="6" coveredmethods="5"/>
        <file name="ExchangeTable.store.ts" path="/home/crisslion/Documents/exchange-rate-preview/src/blocks/ExchangeTable/ExchangeTable.store.ts">
          <metrics statements="9" coveredstatements="9" conditionals="5" coveredconditionals="4" methods="3" coveredmethods="3"/>
          <line num="5" count="4" type="cond" truecount="2" falsecount="0"/>
          <line num="6" count="4" type="stmt"/>
          <line num="13" count="4" type="stmt"/>
          <line num="14" count="5" type="stmt"/>
          <line num="22" count="4" type="stmt"/>
          <line num="30" count="4" type="cond" truecount="0" falsecount="1"/>
          <line num="31" count="2" type="stmt"/>
          <line num="33" count="1" type="stmt"/>
          <line num="35" count="1" type="stmt"/>
        </file>
        <file name="ExchangeTable.tsx" path="/home/crisslion/Documents/exchange-rate-preview/src/blocks/ExchangeTable/ExchangeTable.tsx">
          <metrics statements="14" coveredstatements="14" conditionals="0" coveredconditionals="0" methods="3" coveredmethods="2"/>
          <line num="1" count="2" type="stmt"/>
          <line num="2" count="2" type="stmt"/>
          <line num="5" count="2" type="stmt"/>
          <line num="8" count="2" type="stmt"/>
          <line num="14" count="2" type="stmt"/>
          <line num="16" count="3" type="stmt"/>
          <line num="17" count="3" type="stmt"/>
          <line num="19" count="3" type="stmt"/>
          <line num="20" count="6" type="stmt"/>
          <line num="26" count="3" type="stmt"/>
          <line num="30" count="3" type="stmt"/>
          <line num="31" count="3" type="stmt"/>
          <line num="45" count="2" type="stmt"/>
          <line num="49" count="2" type="stmt"/>
        </file>
      </package>
      <package name="exchange-rate-preview.src.blocks.LoadButton">
        <metrics statements="18" coveredstatements="17" conditionals="0" coveredconditionals="0" methods="7" coveredmethods="5"/>
        <file name="LoadButton.store.ts" path="/home/crisslion/Documents/exchange-rate-preview/src/blocks/LoadButton/LoadButton.store.ts">
          <metrics statements="9" coveredstatements="9" conditionals="0" coveredconditionals="0" methods="4" coveredmethods="4"/>
          <line num="3" count="3" type="stmt"/>
          <line num="4" count="3" type="stmt"/>
          <line num="5" count="3" type="stmt"/>
          <line num="11" count="3" type="stmt"/>
          <line num="12" count="3" type="stmt"/>
          <line num="14" count="3" type="stmt"/>
          <line num="16" count="2" type="stmt"/>
          <line num="19" count="2" type="stmt"/>
          <line num="21" count="1" type="stmt"/>
        </file>
        <file name="LoadButton.tsx" path="/home/crisslion/Documents/exchange-rate-preview/src/blocks/LoadButton/LoadButton.tsx">
          <metrics statements="9" coveredstatements="8" conditionals="0" coveredconditionals="0" methods="3" coveredmethods="1"/>
          <line num="1" count="2" type="stmt"/>
          <line num="4" count="2" type="stmt"/>
          <line num="6" count="2" type="stmt"/>
          <line num="8" count="2" type="stmt"/>
          <line num="14" count="2" type="stmt"/>
          <line num="16" count="2" type="stmt"/>
          <line num="28" count="2" type="stmt"/>
          <line num="29" count="0" type="stmt"/>
          <line num="32" count="2" type="stmt"/>
        </file>
      </package>
      <package name="exchange-rate-preview.src.blocks.Notifications">
        <metrics statements="27" coveredstatements="27" conditionals="12" coveredconditionals="11" methods="7" coveredmethods="6"/>
        <file name="Notifications.store.ts" path="/home/crisslion/Documents/exchange-rate-preview/src/blocks/Notifications/Notifications.store.ts">
          <metrics statements="16" coveredstatements="16" conditionals="8" coveredconditionals="7" methods="5" coveredmethods="5"/>
          <line num="3" count="5" type="cond" truecount="2" falsecount="0"/>
          <line num="4" count="5" type="stmt"/>
          <line num="5" count="5" type="stmt"/>
          <line num="8" count="5" type="cond" truecount="2" falsecount="0"/>
          <line num="9" count="5" type="stmt"/>
          <line num="10" count="5" type="stmt"/>
          <line num="18" count="5" type="stmt"/>
          <line num="19" count="6" type="stmt"/>
          <line num="28" count="5" type="stmt"/>
          <line num="29" count="4" type="stmt"/>
          <line num="40" count="5" type="stmt"/>
          <line num="48" count="5" type="cond" truecount="0" falsecount="1"/>
          <line num="49" count="3" type="stmt"/>
          <line num="51" count="1" type="stmt"/>
          <line num="57" count="1" type="stmt"/>
          <line num="63" count="1" type="stmt"/>
        </file>
        <file name="Notifications.tsx" path="/home/crisslion/Documents/exchange-rate-preview/src/blocks/Notifications/Notifications.tsx">
          <metrics statements="11" coveredstatements="11" conditionals="4" coveredconditionals="4" methods="2" coveredmethods="1"/>
          <line num="1" count="2" type="stmt"/>
          <line num="2" count="2" type="stmt"/>
          <line num="4" count="2" type="stmt"/>
          <line num="6" count="2" type="stmt"/>
          <line num="20" count="2" type="stmt"/>
          <line num="22" count="4" type="stmt"/>
          <line num="23" count="4" type="stmt"/>
          <line num="27" count="4" type="stmt"/>
          <line num="35" count="2" type="stmt"/>
          <line num="41" count="2" type="stmt"/>
          <line num="45" count="2" type="stmt"/>
        </file>
      </package>
      <package name="exchange-rate-preview.src.components.CurrencyBlock">
        <metrics statements="5" coveredstatements="5" conditionals="0" coveredconditionals="0" methods="1" coveredmethods="1"/>
        <file name="CurrencyBlock.tsx" path="/home/crisslion/Documents/exchange-rate-preview/src/components/CurrencyBlock/CurrencyBlock.tsx">
          <metrics statements="5" coveredstatements="5" conditionals="0" coveredconditionals="0" methods="1" coveredmethods="1"/>
          <line num="1" count="3" type="stmt"/>
          <line num="3" count="3" type="stmt"/>
          <line num="10" count="3" type="stmt"/>
          <line num="12" count="1" type="stmt"/>
          <line num="13" count="1" type="stmt"/>
        </file>
      </package>
      <package name="exchange-rate-preview.src.layouts.Main">
        <metrics statements="7" coveredstatements="7" conditionals="0" coveredconditionals="0" methods="1" coveredmethods="1"/>
        <file name="Main.tsx" path="/home/crisslion/Documents/exchange-rate-preview/src/layouts/Main/Main.tsx">
          <metrics statements="7" coveredstatements="7" conditionals="0" coveredconditionals="0" methods="1" coveredmethods="1"/>
          <line num="1" count="1" type="stmt"/>
          <line num="3" count="1" type="stmt"/>
          <line num="4" count="1" type="stmt"/>
          <line num="5" count="1" type="stmt"/>
          <line num="7" count="1" type="stmt"/>
          <line num="9" count="1" type="stmt"/>
          <line num="11" count="3" type="stmt"/>
        </file>
      </package>
      <package name="exchange-rate-preview.src.services">
        <metrics statements="6" coveredstatements="6" conditionals="2" coveredconditionals="2" methods="2" coveredmethods="2"/>
        <file name="api.ts" path="/home/crisslion/Documents/exchange-rate-preview/src/services/api.ts">
          <metrics statements="6" coveredstatements="6" conditionals="2" coveredconditionals="2" methods="2" coveredmethods="2"/>
          <line num="1" count="3" type="stmt"/>
          <line num="13" count="3" type="stmt"/>
          <line num="15" count="3" type="stmt"/>
          <line num="17" count="3" type="cond" truecount="2" falsecount="0"/>
          <line num="18" count="2" type="stmt"/>
          <line num="20" count="1" type="stmt"/>
        </file>
      </package>
      <package name="exchange-rate-preview.src.store">
        <metrics statements="4" coveredstatements="4" conditionals="0" coveredconditionals="0" methods="1" coveredmethods="1"/>
        <file name="store.ts" path="/home/crisslion/Documents/exchange-rate-preview/src/store/store.ts">
          <metrics statements="4" coveredstatements="4" conditionals="0" coveredconditionals="0" methods="1" coveredmethods="1"/>
          <line num="1" count="1" type="stmt"/>
          <line num="9" count="1" type="stmt"/>
          <line num="15" count="1" type="stmt"/>
          <line num="16" count="3" type="stmt"/>
        </file>
      </package>
    </metrics>
  </project>
</coverage>
