{"/home/crisslion/Documents/exchange-rate-preview/setupEnzyme.ts": {"path":"/home/crisslion/Documents/exchange-rate-preview/setupEnzyme.ts","statementMap":{"0":{"start":{"line":1,"column":0},"end":{"line":1,"column":34}},"1":{"start":{"line":2,"column":0},"end":{"line":2,"column":56}},"2":{"start":{"line":3,"column":0},"end":{"line":3,"column":44}}},"fnMap":{},"branchMap":{},"s":{"0":11,"1":11,"2":11},"f":{},"b":{}}
,"/home/crisslion/Documents/exchange-rate-preview/src/global.ts": {"path":"/home/crisslion/Documents/exchange-rate-preview/src/global.ts","statementMap":{"0":{"start":{"line":1,"column":13},"end":{"line":1,"column":34}}},"fnMap":{},"branchMap":{},"s":{"0":2},"f":{},"b":{}}
,"/home/crisslion/Documents/exchange-rate-preview/src/blocks/ExchangeTable/ExchangeTable.store.ts": {"path":"/home/crisslion/Documents/exchange-rate-preview/src/blocks/ExchangeTable/ExchangeTable.store.ts","statementMap":{"0":{"start":{"line":5,"column":0},"end":{"line":7,"column":1}},"1":{"start":{"line":6,"column":4},"end":{"line":6,"column":35}},"2":{"start":{"line":14,"column":4},"end":{"line":17,"column":6}},"3":{"start":{"line":13,"column":0},"end":{"line":18,"column":1}},"4":{"start":{"line":22,"column":13},"end":{"line":26,"column":2}},"5":{"start":{"line":31,"column":4},"end":{"line":36,"column":5}},"6":{"start":{"line":33,"column":12},"end":{"line":33,"column":31}},"7":{"start":{"line":35,"column":12},"end":{"line":35,"column":25}},"8":{"start":{"line":30,"column":0},"end":{"line":37,"column":1}}},"fnMap":{"0":{"name":"(anonymous_0)","decl":{"start":{"line":5,"column":0},"end":{"line":5,"column":11}},"loc":{"start":{"line":5,"column":31},"end":{"line":7,"column":1}}},"1":{"name":"updateExchangeData","decl":{"start":{"line":13,"column":16},"end":{"line":13,"column":34}},"loc":{"start":{"line":13,"column":53},"end":{"line":18,"column":1}}},"2":{"name":"exchangeTableReducer","decl":{"start":{"line":30,"column":16},"end":{"line":30,"column":36}},"loc":{"start":{"line":30,"column":83},"end":{"line":37,"column":1}}}},"branchMap":{"0":{"loc":{"start":{"line":5,"column":12},"end":{"line":5,"column":31}},"type":"binary-expr","locations":[{"start":{"line":5,"column":12},"end":{"line":5,"column":31}},{"start":{"line":5,"column":12},"end":{"line":5,"column":31}}]},"1":{"loc":{"start":{"line":30,"column":45},"end":{"line":30,"column":53}},"type":"default-arg","locations":[{"start":{"line":30,"column":45},"end":{"line":30,"column":53}}]},"2":{"loc":{"start":{"line":32,"column":8},"end":{"line":33,"column":31}},"type":"switch","locations":[{"start":{"line":32,"column":8},"end":{"line":33,"column":31}},{"start":{"line":34,"column":8},"end":{"line":35,"column":25}}]}},"s":{"0":4,"1":4,"2":5,"3":4,"4":4,"5":2,"6":1,"7":1,"8":4},"f":{"0":4,"1":5,"2":2},"b":{"0":[4,4],"1":[0],"2":[1,1]}}
,"/home/crisslion/Documents/exchange-rate-preview/src/blocks/ExchangeTable/ExchangeTable.tsx": {"path":"/home/crisslion/Documents/exchange-rate-preview/src/blocks/ExchangeTable/ExchangeTable.tsx","statementMap":{"0":{"start":{"line":1,"column":0},"end":{"line":1,"column":30}},"1":{"start":{"line":2,"column":0},"end":{"line":2,"column":37}},"2":{"start":{"line":5,"column":0},"end":{"line":5,"column":76}},"3":{"start":{"line":8,"column":0},"end":{"line":8,"column":29}},"4":{"start":{"line":16,"column":26},"end":{"line":16,"column":41}},"5":{"start":{"line":17,"column":23},"end":{"line":17,"column":25}},"6":{"start":{"line":19,"column":8},"end":{"line":25,"column":9}},"7":{"start":{"line":20,"column":12},"end":{"line":24,"column":14}},"8":{"start":{"line":26,"column":8},"end":{"line":26,"column":22}},"9":{"start":{"line":30,"column":31},"end":{"line":30,"column":46}},"10":{"start":{"line":31,"column":8},"end":{"line":41,"column":10}},"11":{"start":{"line":14,"column":0},"end":{"line":43,"column":1}},"12":{"start":{"line":45,"column":24},"end":{"line":47,"column":2}},"13":{"start":{"line":45,"column":43},"end":{"line":47,"column":1}},"14":{"start":{"line":49,"column":13},"end":{"line":52,"column":21}}},"fnMap":{"0":{"name":"(anonymous_0)","decl":{"start":{"line":15,"column":4},"end":{"line":15,"column":15}},"loc":{"start":{"line":15,"column":30},"end":{"line":27,"column":5}}},"1":{"name":"(anonymous_1)","decl":{"start":{"line":29,"column":11},"end":{"line":29,"column":16}},"loc":{"start":{"line":29,"column":17},"end":{"line":42,"column":5}}},"2":{"name":"(anonymous_2)","decl":{"start":{"line":45,"column":24},"end":{"line":45,"column":25}},"loc":{"start":{"line":45,"column":43},"end":{"line":47,"column":1}}}},"branchMap":{},"s":{"0":2,"1":2,"2":2,"3":2,"4":3,"5":3,"6":3,"7":6,"8":3,"9":3,"10":3,"11":2,"12":2,"13":0,"14":2},"f":{"0":3,"1":3,"2":0},"b":{}}
,"/home/crisslion/Documents/exchange-rate-preview/src/blocks/LoadButton/LoadButton.store.ts": {"path":"/home/crisslion/Documents/exchange-rate-preview/src/blocks/LoadButton/LoadButton.store.ts","statementMap":{"0":{"start":{"line":3,"column":0},"end":{"line":3,"column":61}},"1":{"start":{"line":4,"column":0},"end":{"line":4,"column":73}},"2":{"start":{"line":5,"column":0},"end":{"line":9,"column":45}},"3":{"start":{"line":11,"column":13},"end":{"line":23,"column":2}},"4":{"start":{"line":11,"column":38},"end":{"line":23,"column":1}},"5":{"start":{"line":12,"column":4},"end":{"line":12,"column":84}},"6":{"start":{"line":14,"column":4},"end":{"line":22,"column":11}},"7":{"start":{"line":16,"column":12},"end":{"line":18,"column":14}},"8":{"start":{"line":19,"column":12},"end":{"line":19,"column":41}},"9":{"start":{"line":21,"column":12},"end":{"line":21,"column":100}}},"fnMap":{"0":{"name":"(anonymous_0)","decl":{"start":{"line":11,"column":32},"end":{"line":11,"column":34}},"loc":{"start":{"line":11,"column":38},"end":{"line":23,"column":1}}},"1":{"name":"(anonymous_1)","decl":{"start":{"line":11,"column":38},"end":{"line":11,"column":39}},"loc":{"start":{"line":11,"column":61},"end":{"line":23,"column":1}}},"2":{"name":"(anonymous_2)","decl":{"start":{"line":15,"column":14},"end":{"line":15,"column":15}},"loc":{"start":{"line":15,"column":37},"end":{"line":20,"column":9}}},"3":{"name":"(anonymous_3)","decl":{"start":{"line":20,"column":17},"end":{"line":20,"column":19}},"loc":{"start":{"line":20,"column":22},"end":{"line":22,"column":9}}}},"branchMap":{},"s":{"0":3,"1":3,"2":3,"3":3,"4":3,"5":3,"6":3,"7":2,"8":2,"9":1},"f":{"0":3,"1":3,"2":2,"3":1},"b":{}}
,"/home/crisslion/Documents/exchange-rate-preview/src/blocks/LoadButton/LoadButton.tsx": {"path":"/home/crisslion/Documents/exchange-rate-preview/src/blocks/LoadButton/LoadButton.tsx","statementMap":{"0":{"start":{"line":1,"column":0},"end":{"line":1,"column":30}},"1":{"start":{"line":4,"column":0},"end":{"line":4,"column":37}},"2":{"start":{"line":6,"column":0},"end":{"line":6,"column":53}},"3":{"start":{"line":8,"column":0},"end":{"line":8,"column":26}},"4":{"start":{"line":16,"column":8},"end":{"line":24,"column":10}},"5":{"start":{"line":14,"column":0},"end":{"line":26,"column":1}},"6":{"start":{"line":28,"column":27},"end":{"line":30,"column":2}},"7":{"start":{"line":28,"column":83},"end":{"line":30,"column":1}},"8":{"start":{"line":29,"column":28},"end":{"line":29,"column":56}},"9":{"start":{"line":32,"column":13},"end":{"line":35,"column":18}}},"fnMap":{"0":{"name":"(anonymous_0)","decl":{"start":{"line":15,"column":11},"end":{"line":15,"column":16}},"loc":{"start":{"line":15,"column":17},"end":{"line":25,"column":5}}},"1":{"name":"(anonymous_1)","decl":{"start":{"line":28,"column":27},"end":{"line":28,"column":28}},"loc":{"start":{"line":28,"column":83},"end":{"line":30,"column":1}}},"2":{"name":"(anonymous_2)","decl":{"start":{"line":29,"column":22},"end":{"line":29,"column":24}},"loc":{"start":{"line":29,"column":28},"end":{"line":29,"column":56}}}},"branchMap":{},"s":{"0":2,"1":2,"2":2,"3":2,"4":2,"5":2,"6":2,"7":0,"8":0,"9":2},"f":{"0":2,"1":0,"2":0},"b":{}}
,"/home/crisslion/Documents/exchange-rate-preview/src/blocks/Notifications/Notifications.store.ts": {"path":"/home/crisslion/Documents/exchange-rate-preview/src/blocks/Notifications/Notifications.store.ts","statementMap":{"0":{"start":{"line":3,"column":0},"end":{"line":6,"column":1}},"1":{"start":{"line":4,"column":4},"end":{"line":4,"column":10}},"2":{"start":{"line":5,"column":4},"end":{"line":5,"column":9}},"3":{"start":{"line":8,"column":0},"end":{"line":11,"column":1}},"4":{"start":{"line":9,"column":4},"end":{"line":9,"column":31}},"5":{"start":{"line":10,"column":4},"end":{"line":10,"column":31}},"6":{"start":{"line":19,"column":4},"end":{"line":23,"column":6}},"7":{"start":{"line":18,"column":0},"end":{"line":24,"column":1}},"8":{"start":{"line":29,"column":4},"end":{"line":31,"column":6}},"9":{"start":{"line":28,"column":0},"end":{"line":32,"column":1}},"10":{"start":{"line":40,"column":13},"end":{"line":44,"column":2}},"11":{"start":{"line":49,"column":4},"end":{"line":64,"column":5}},"12":{"start":{"line":51,"column":12},"end":{"line":55,"column":14}},"13":{"start":{"line":57,"column":12},"end":{"line":61,"column":14}},"14":{"start":{"line":63,"column":12},"end":{"line":63,"column":25}},"15":{"start":{"line":48,"column":0},"end":{"line":65,"column":1}}},"fnMap":{"0":{"name":"(anonymous_0)","decl":{"start":{"line":3,"column":0},"end":{"line":3,"column":11}},"loc":{"start":{"line":3,"column":28},"end":{"line":6,"column":1}}},"1":{"name":"(anonymous_1)","decl":{"start":{"line":8,"column":0},"end":{"line":8,"column":11}},"loc":{"start":{"line":8,"column":31},"end":{"line":11,"column":1}}},"2":{"name":"showNotification","decl":{"start":{"line":18,"column":16},"end":{"line":18,"column":32}},"loc":{"start":{"line":18,"column":69},"end":{"line":24,"column":1}}},"3":{"name":"hideNotification","decl":{"start":{"line":28,"column":16},"end":{"line":28,"column":32}},"loc":{"start":{"line":28,"column":32},"end":{"line":32,"column":1}}},"4":{"name":"notificationsReducer","decl":{"start":{"line":48,"column":16},"end":{"line":48,"column":36}},"loc":{"start":{"line":48,"column":83},"end":{"line":65,"column":1}}}},"branchMap":{"0":{"loc":{"start":{"line":3,"column":12},"end":{"line":3,"column":28}},"type":"binary-expr","locations":[{"start":{"line":3,"column":12},"end":{"line":3,"column":28}},{"start":{"line":3,"column":12},"end":{"line":3,"column":28}}]},"1":{"loc":{"start":{"line":8,"column":12},"end":{"line":8,"column":31}},"type":"binary-expr","locations":[{"start":{"line":8,"column":12},"end":{"line":8,"column":31}},{"start":{"line":8,"column":12},"end":{"line":8,"column":31}}]},"2":{"loc":{"start":{"line":48,"column":45},"end":{"line":48,"column":53}},"type":"default-arg","locations":[{"start":{"line":48,"column":45},"end":{"line":48,"column":53}}]},"3":{"loc":{"start":{"line":50,"column":8},"end":{"line":55,"column":14}},"type":"switch","locations":[{"start":{"line":50,"column":8},"end":{"line":55,"column":14}},{"start":{"line":56,"column":8},"end":{"line":61,"column":14}},{"start":{"line":62,"column":8},"end":{"line":63,"column":25}}]}},"s":{"0":5,"1":5,"2":5,"3":5,"4":5,"5":5,"6":6,"7":5,"8":4,"9":5,"10":5,"11":3,"12":1,"13":1,"14":1,"15":5},"f":{"0":5,"1":5,"2":6,"3":4,"4":3},"b":{"0":[5,5],"1":[5,5],"2":[0],"3":[1,1,1]}}
,"/home/crisslion/Documents/exchange-rate-preview/src/blocks/Notifications/Notifications.tsx": {"path":"/home/crisslion/Documents/exchange-rate-preview/src/blocks/Notifications/Notifications.tsx","statementMap":{"0":{"start":{"line":1,"column":0},"end":{"line":1,"column":30}},"1":{"start":{"line":2,"column":0},"end":{"line":2,"column":37}},"2":{"start":{"line":4,"column":0},"end":{"line":4,"column":74}},"3":{"start":{"line":6,"column":0},"end":{"line":6,"column":29}},"4":{"start":{"line":22,"column":40},"end":{"line":22,"column":50}},"5":{"start":{"line":23,"column":26},"end":{"line":25,"column":35}},"6":{"start":{"line":27,"column":8},"end":{"line":31,"column":10}},"7":{"start":{"line":20,"column":0},"end":{"line":33,"column":1}},"8":{"start":{"line":35,"column":24},"end":{"line":39,"column":2}},"9":{"start":{"line":35,"column":43},"end":{"line":39,"column":1}},"10":{"start":{"line":41,"column":27},"end":{"line":43,"column":1}},"11":{"start":{"line":45,"column":13},"end":{"line":48,"column":21}}},"fnMap":{"0":{"name":"(anonymous_0)","decl":{"start":{"line":21,"column":11},"end":{"line":21,"column":16}},"loc":{"start":{"line":21,"column":17},"end":{"line":32,"column":5}}},"1":{"name":"(anonymous_1)","decl":{"start":{"line":35,"column":24},"end":{"line":35,"column":25}},"loc":{"start":{"line":35,"column":43},"end":{"line":39,"column":1}}}},"branchMap":{"0":{"loc":{"start":{"line":24,"column":14},"end":{"line":24,"column":36}},"type":"cond-expr","locations":[{"start":{"line":24,"column":14},"end":{"line":24,"column":36}},{"start":{"line":25,"column":14},"end":{"line":25,"column":35}}]},"1":{"loc":{"start":{"line":29,"column":27},"end":{"line":29,"column":80}},"type":"cond-expr","locations":[{"start":{"line":29,"column":27},"end":{"line":29,"column":80}},{"start":{"line":29,"column":83},"end":{"line":29,"column":87}}]}},"s":{"0":2,"1":2,"2":2,"3":2,"4":4,"5":4,"6":4,"7":2,"8":2,"9":0,"10":2,"11":2},"f":{"0":4,"1":0},"b":{"0":[3,1],"1":[3,1]}}
,"/home/crisslion/Documents/exchange-rate-preview/src/components/CurrencyBlock/CurrencyBlock.tsx": {"path":"/home/crisslion/Documents/exchange-rate-preview/src/components/CurrencyBlock/CurrencyBlock.tsx","statementMap":{"0":{"start":{"line":1,"column":0},"end":{"line":1,"column":30}},"1":{"start":{"line":3,"column":0},"end":{"line":3,"column":29}},"2":{"start":{"line":12,"column":32},"end":{"line":12,"column":42}},"3":{"start":{"line":13,"column":8},"end":{"line":20,"column":10}},"4":{"start":{"line":10,"column":0},"end":{"line":22,"column":1}}},"fnMap":{"0":{"name":"(anonymous_0)","decl":{"start":{"line":11,"column":11},"end":{"line":11,"column":16}},"loc":{"start":{"line":11,"column":17},"end":{"line":21,"column":5}}}},"branchMap":{},"s":{"0":3,"1":3,"2":1,"3":1,"4":3},"f":{"0":1},"b":{}}
,"/home/crisslion/Documents/exchange-rate-preview/src/layouts/Main/Main.tsx": {"path":"/home/crisslion/Documents/exchange-rate-preview/src/layouts/Main/Main.tsx","statementMap":{"0":{"start":{"line":1,"column":0},"end":{"line":1,"column":30}},"1":{"start":{"line":3,"column":0},"end":{"line":3,"column":72}},"2":{"start":{"line":4,"column":0},"end":{"line":4,"column":63}},"3":{"start":{"line":5,"column":0},"end":{"line":5,"column":72}},"4":{"start":{"line":7,"column":0},"end":{"line":7,"column":20}},"5":{"start":{"line":11,"column":8},"end":{"line":21,"column":10}},"6":{"start":{"line":9,"column":0},"end":{"line":23,"column":1}}},"fnMap":{"0":{"name":"(anonymous_0)","decl":{"start":{"line":10,"column":11},"end":{"line":10,"column":16}},"loc":{"start":{"line":10,"column":17},"end":{"line":22,"column":5}}}},"branchMap":{},"s":{"0":1,"1":1,"2":1,"3":1,"4":1,"5":3,"6":1},"f":{"0":3},"b":{}}
,"/home/crisslion/Documents/exchange-rate-preview/src/services/api.ts": {"path":"/home/crisslion/Documents/exchange-rate-preview/src/services/api.ts","statementMap":{"0":{"start":{"line":1,"column":0},"end":{"line":1,"column":33}},"1":{"start":{"line":15,"column":8},"end":{"line":25,"column":12}},"2":{"start":{"line":17,"column":10},"end":{"line":24,"column":11}},"3":{"start":{"line":18,"column":11},"end":{"line":18,"column":34}},"4":{"start":{"line":20,"column":11},"end":{"line":23,"column":14}},"5":{"start":{"line":13,"column":0},"end":{"line":27,"column":1}}},"fnMap":{"0":{"name":"(anonymous_0)","decl":{"start":{"line":14,"column":4},"end":{"line":14,"column":9}},"loc":{"start":{"line":14,"column":26},"end":{"line":26,"column":5}}},"1":{"name":"(anonymous_1)","decl":{"start":{"line":16,"column":18},"end":{"line":16,"column":19}},"loc":{"start":{"line":16,"column":31},"end":{"line":25,"column":10}}}},"branchMap":{"0":{"loc":{"start":{"line":17,"column":10},"end":{"line":24,"column":11}},"type":"if","locations":[{"start":{"line":17,"column":10},"end":{"line":24,"column":11}},{"start":{"line":17,"column":10},"end":{"line":24,"column":11}}]}},"s":{"0":3,"1":3,"2":3,"3":2,"4":1,"5":3},"f":{"0":3,"1":3},"b":{"0":[2,1]}}
,"/home/crisslion/Documents/exchange-rate-preview/src/store/store.ts": {"path":"/home/crisslion/Documents/exchange-rate-preview/src/store/store.ts","statementMap":{"0":{"start":{"line":1,"column":0},"end":{"line":8,"column":14}},"1":{"start":{"line":9,"column":0},"end":{"line":9,"column":57}},"2":{"start":{"line":16,"column":4},"end":{"line":19,"column":6}},"3":{"start":{"line":15,"column":0},"end":{"line":20,"column":1}}},"fnMap":{"0":{"name":"createReduxStore","decl":{"start":{"line":15,"column":16},"end":{"line":15,"column":32}},"loc":{"start":{"line":15,"column":95},"end":{"line":20,"column":1}}}},"branchMap":{},"s":{"0":1,"1":1,"2":3,"3":1},"f":{"0":3},"b":{}}
}
