TN:
SF:/home/crisslion/Documents/exchange-rate-preview/setupEnzyme.ts
FNF:0
FNH:0
DA:1,7
DA:2,7
DA:3,7
LF:3
LH:3
BRF:0
BRH:0
end_of_record
TN:
SF:/home/crisslion/Documents/exchange-rate-preview/src/blocks/ExchangeTable/ExchangeTable.store.ts
FN:5,(anonymous_0)
FN:13,updateExchangeData
FN:30,exchangeTableReducer
FNF:3
FNH:2
FNDA:1,(anonymous_0)
FNDA:2,updateExchangeData
FNDA:0,exchangeTableReducer
DA:5,1
DA:6,1
DA:13,1
DA:14,2
DA:22,1
DA:30,1
DA:31,0
DA:33,0
DA:35,0
LF:9
LH:6
BRDA:5,0,0,1
BRDA:5,0,1,1
BRDA:30,1,0,0
BRDA:32,2,0,0
BRDA:32,2,1,0
BRF:5
BRH:2
end_of_record
TN:
SF:/home/crisslion/Documents/exchange-rate-preview/src/blocks/ExchangeTable/ExchangeTable.tsx
FN:15,(anonymous_0)
FN:29,(anonymous_1)
FN:45,(anonymous_2)
FNF:3
FNH:2
FNDA:3,(anonymous_0)
FNDA:3,(anonymous_1)
FNDA:0,(anonymous_2)
DA:1,1
DA:2,1
DA:5,1
DA:8,1
DA:14,1
DA:16,3
DA:17,3
DA:19,3
DA:20,6
DA:26,3
DA:30,3
DA:31,3
DA:45,1
DA:49,1
LF:14
LH:14
BRF:0
BRH:0
end_of_record
TN:
SF:/home/crisslion/Documents/exchange-rate-preview/src/blocks/LoadButton/LoadButton.store.ts
FN:11,(anonymous_0)
FN:11,(anonymous_1)
FN:15,(anonymous_2)
FN:20,(anonymous_3)
FNF:4
FNH:4
FNDA:3,(anonymous_0)
FNDA:3,(anonymous_1)
FNDA:2,(anonymous_2)
FNDA:1,(anonymous_3)
DA:3,1
DA:4,1
DA:5,1
DA:11,3
DA:12,3
DA:14,3
DA:16,2
DA:19,2
DA:21,1
LF:9
LH:9
BRF:0
BRH:0
end_of_record
TN:
SF:/home/crisslion/Documents/exchange-rate-preview/src/blocks/Notifications/Notifications.store.ts
FN:3,(anonymous_0)
FN:8,(anonymous_1)
FN:18,showNotification
FN:28,hideNotification
FN:48,notificationsReducer
FNF:5
FNH:4
FNDA:2,(anonymous_0)
FNDA:2,(anonymous_1)
FNDA:4,showNotification
FNDA:2,hideNotification
FNDA:0,notificationsReducer
DA:3,2
DA:4,2
DA:5,2
DA:8,2
DA:9,2
DA:10,2
DA:18,2
DA:19,4
DA:28,2
DA:29,2
DA:40,2
DA:48,2
DA:49,0
DA:51,0
DA:57,0
DA:63,0
LF:16
LH:12
BRDA:3,0,0,2
BRDA:3,0,1,2
BRDA:8,1,0,2
BRDA:8,1,1,2
BRDA:48,2,0,0
BRDA:50,3,0,0
BRDA:50,3,1,0
BRDA:50,3,2,0
BRF:8
BRH:4
end_of_record
TN:
SF:/home/crisslion/Documents/exchange-rate-preview/src/blocks/Notifications/Notifications.tsx
FN:21,(anonymous_0)
FN:35,(anonymous_1)
FNF:2
FNH:1
FNDA:4,(anonymous_0)
FNDA:0,(anonymous_1)
DA:1,1
DA:2,1
DA:4,1
DA:6,1
DA:20,1
DA:22,4
DA:23,4
DA:27,4
DA:35,1
DA:41,1
DA:45,1
LF:11
LH:11
BRDA:24,0,0,3
BRDA:24,0,1,1
BRDA:29,1,0,3
BRDA:29,1,1,1
BRF:4
BRH:4
end_of_record
TN:
SF:/home/crisslion/Documents/exchange-rate-preview/src/components/CurrencyBlock/CurrencyBlock.tsx
FN:11,(anonymous_0)
FNF:1
FNH:1
FNDA:1,(anonymous_0)
DA:1,2
DA:3,2
DA:10,2
DA:12,1
DA:13,1
LF:5
LH:5
BRF:0
BRH:0
end_of_record
TN:
SF:/home/crisslion/Documents/exchange-rate-preview/src/services/api.ts
FN:14,(anonymous_0)
FN:16,(anonymous_1)
FNF:2
FNH:2
FNDA:3,(anonymous_0)
FNDA:3,(anonymous_1)
DA:1,1
DA:13,1
DA:15,3
DA:17,3
DA:18,2
DA:20,1
LF:6
LH:6
BRDA:17,0,0,2
BRDA:17,0,1,1
BRF:2
BRH:2
end_of_record
TN:
SF:/home/crisslion/Documents/exchange-rate-preview/src/store/store.ts
FN:15,createReduxStore
FNF:1
FNH:1
FNDA:3,createReduxStore
DA:1,1
DA:9,1
DA:15,1
DA:16,3
LF:4
LH:4
BRF:0
BRH:0
end_of_record
